Arguments: 
  /Users/ricard/.nvm/versions/node/v12.13.1/bin/node /Users/ricard/.nvm/versions/node/v12.13.1/bin/yarn add angualrjs

PATH: 
  /Library/Frameworks/Python.framework/Versions/3.7/bin:/Users/ricard/.nvm/versions/node/v12.13.1/bin:/Users/ricard/go/bin:/usr/local/opt/coreutils/libexec/gnubin:/usr/local/bin:/usr/bin:/bin:/usr/sbin:/sbin:/Applications/MongoDB.app/Contents/Resources/Vendor/mongodb/bin:/usr/local/share/dotnet:/opt/X11/bin:~/.dotnet/tools:/Library/Frameworks/Mono.framework/Versions/Current/Commands:/Applications/Wireshark.app/Contents/MacOS:/Applications/Xamarin Workbooks.app/Contents/SharedSupport/path-bin:/usr/local/sbin/:/Users/ricard/.rvm/bin:/home/fran/bin/FDK/Tools/linux

Yarn version: 
  1.19.2

Node version: 
  12.13.1

Platform: 
  darwin x64

Trace: 
  Error: https://registry.yarnpkg.com/angualrjs: Not found
      at Request.params.callback [as _callback] (/Users/ricard/.nvm/versions/node/v12.13.1/lib/node_modules/yarn/lib/cli.js:66927:18)
      at Request.self.callback (/Users/ricard/.nvm/versions/node/v12.13.1/lib/node_modules/yarn/lib/cli.js:140586:22)
      at Request.emit (events.js:210:5)
      at Request.<anonymous> (/Users/ricard/.nvm/versions/node/v12.13.1/lib/node_modules/yarn/lib/cli.js:141558:10)
      at Request.emit (events.js:210:5)
      at IncomingMessage.<anonymous> (/Users/ricard/.nvm/versions/node/v12.13.1/lib/node_modules/yarn/lib/cli.js:141480:12)
      at Object.onceWrapper (events.js:299:28)
      at IncomingMessage.emit (events.js:215:7)
      at endReadableNT (_stream_readable.js:1184:12)
      at processTicksAndRejections (internal/process/task_queues.js:80:21)

npm manifest: 
  {
    "name": "milabaumann",
    "version": "0.0.0",
    "scripts": {
      "ng": "ng",
      "start": "ng serve",
      "build": "ng build",
      "test": "ng test",
      "lint": "ng lint",
      "e2e": "ng e2e"
    },
    "private": true,
    "dependencies": {
      "@angular/animations": "~8.2.14",
      "@angular/common": "~8.2.14",
      "@angular/compiler": "~8.2.14",
      "@angular/core": "~8.2.14",
      "@angular/forms": "~8.2.14",
      "@angular/platform-browser": "~8.2.14",
      "@angular/platform-browser-dynamic": "~8.2.14",
      "@angular/router": "~8.2.14",
      "rxjs": "~6.4.0",
      "tslib": "^1.10.0",
      "zone.js": "~0.9.1"
    },
    "devDependencies": {
      "@angular-devkit/build-angular": "~0.803.24",
      "@angular/cli": "~8.3.24",
      "@angular/compiler-cli": "~8.2.14",
      "@angular/language-service": "~8.2.14",
      "@types/node": "~8.9.4",
      "@types/jasmine": "~3.3.8",
      "@types/jasminewd2": "~2.0.3",
      "codelyzer": "^5.0.0",
      "jasmine-core": "~3.4.0",
      "jasmine-spec-reporter": "~4.2.1",
      "karma": "~4.1.0",
      "karma-chrome-launcher": "~2.2.0",
      "karma-coverage-istanbul-reporter": "~2.0.1",
      "karma-jasmine": "~2.0.1",
      "karma-jasmine-html-reporter": "^1.4.0",
      "protractor": "~5.4.0",
      "ts-node": "~7.0.0",
      "tslint": "~5.15.0",
      "typescript": "~3.5.3"
    }
  }

yarn manifest: 
  No manifest

Lockfile: 
  No lockfile
